# JRE version: Java(TM) SE Runtime Environment (8.0_20-b26) (build 1.8.0_20-b26)
# Java VM: Java HotSpot(TM) 64-Bit Server VM (25.20-b23 mixed mode windows-amd64 compressed oops)
Heap:
 PSYoungGen      total 60416K, used 16715K [0x00000000eab00000, 0x00000000ef280000, 0x0000000100000000)
  eden space 49664K, 17% used [0x00000000eab00000,0x00000000eb3440f8,0x00000000edb80000)
  from space 10752K, 76% used [0x00000000edb80000,0x00000000ee38eb88,0x00000000ee600000)
  to   space 11264K, 0% used [0x00000000ee600000,0x00000000ee600000,0x00000000ef100000)
 ParOldGen       total 67072K, used 9144K [0x00000000c0000000, 0x00000000c4180000, 0x00000000eab00000)
  object space 67072K, 13% used [0x00000000c0000000,0x00000000c08ee378,0x00000000c4180000)
 Metaspace       used 29378K, capacity 30104K, committed 30464K, reserved 1075200K
  class space    used 3996K, capacity 4261K, committed 4352K, reserved 1048576K
GC Heap History (10 events):
Event: 5.476 GC heap before
{Heap before GC invocations=4 (full 0):
 PSYoungGen      total 38400K, used 38086K [0x00000000eab00000, 0x00000000ed580000, 0x0000000100000000)
  eden space 33280K, 99% used [0x00000000eab00000,0x00000000ecb358f8,0x00000000ecb80000)
  from space 5120K, 99% used [0x00000000ecb80000,0x00000000ed07c010,0x00000000ed080000)
  to   space 5120K, 0% used [0x00000000ed080000,0x00000000ed080000,0x00000000ed580000)
 ParOldGen       total 87552K, used 5111K [0x00000000c0000000, 0x00000000c5580000, 0x00000000eab00000)
  object space 87552K, 5% used [0x00000000c0000000,0x00000000c04fdc88,0x00000000c5580000)
 Metaspace       used 20687K, capacity 21150K, committed 21296K, reserved 1067008K
  class space    used 2779K, capacity 2936K, committed 2944K, reserved 1048576K
Event: 5.486 GC heap after
Heap after GC invocations=4 (full 0):
 PSYoungGen      total 38400K, used 5120K [0x00000000eab00000, 0x00000000ed580000, 0x0000000100000000)
  eden space 33280K, 0% used [0x00000000eab00000,0x00000000eab00000,0x00000000ecb80000)
  from space 5120K, 100% used [0x00000000ed080000,0x00000000ed580000,0x00000000ed580000)
  to   space 5120K, 0% used [0x00000000ecb80000,0x00000000ecb80000,0x00000000ed080000)
 ParOldGen       total 87552K, used 8948K [0x00000000c0000000, 0x00000000c5580000, 0x00000000eab00000)
  object space 87552K, 10% used [0x00000000c0000000,0x00000000c08bd000,0x00000000c5580000)
 Metaspace       used 20687K, capacity 21150K, committed 21296K, reserved 1067008K
  class space    used 2779K, capacity 2936K, committed 2944K, reserved 1048576K
}
Event: 5.487 GC heap before
{Heap before GC invocations=5 (full 1):
 PSYoungGen      total 38400K, used 5120K [0x00000000eab00000, 0x00000000ed580000, 0x0000000100000000)
  eden space 33280K, 0% used [0x00000000eab00000,0x00000000eab00000,0x00000000ecb80000)
  from space 5120K, 100% used [0x00000000ed080000,0x00000000ed580000,0x00000000ed580000)
  to   space 5120K, 0% used [0x00000000ecb80000,0x00000000ecb80000,0x00000000ed080000)
 ParOldGen       total 87552K, used 8948K [0x00000000c0000000, 0x00000000c5580000, 0x00000000eab00000)
  object space 87552K, 10% used [0x00000000c0000000,0x00000000c08bd000,0x00000000c5580000)
 Metaspace       used 20687K, capacity 21150K, committed 21296K, reserved 1067008K
  class space    used 2779K, capacity 2936K, committed 2944K, reserved 1048576K
Event: 5.542 GC heap after
Heap after GC invocations=5 (full 1):
 PSYoungGen      total 38400K, used 0K [0x00000000eab00000, 0x00000000ed580000, 0x0000000100000000)
  eden space 33280K, 0% used [0x00000000eab00000,0x00000000eab00000,0x00000000ecb80000)
  from space 5120K, 0% used [0x00000000ed080000,0x00000000ed080000,0x00000000ed580000)
  to   space 5120K, 0% used [0x00000000ecb80000,0x00000000ecb80000,0x00000000ed080000)
 ParOldGen       total 67072K, used 9056K [0x00000000c0000000, 0x00000000c4180000, 0x00000000eab00000)
  object space 67072K, 13% used [0x00000000c0000000,0x00000000c08d8368,0x00000000c4180000)
 Metaspace       used 20685K, capacity 21148K, committed 21296K, reserved 1067008K
  class space    used 2778K, capacity 2935K, committed 2944K, reserved 1048576K
}
Event: 6.011 GC heap before
{Heap before GC invocations=6 (full 1):
 PSYoungGen      total 38400K, used 33280K [0x00000000eab00000, 0x00000000ed580000, 0x0000000100000000)
  eden space 33280K, 100% used [0x00000000eab00000,0x00000000ecb80000,0x00000000ecb80000)
  from space 5120K, 0% used [0x00000000ed080000,0x00000000ed080000,0x00000000ed580000)
  to   space 5120K, 0% used [0x00000000ecb80000,0x00000000ecb80000,0x00000000ed080000)
 ParOldGen       total 67072K, used 9056K [0x00000000c0000000, 0x00000000c4180000, 0x00000000eab00000)
  object space 67072K, 13% used [0x00000000c0000000,0x00000000c08d8368,0x00000000c4180000)
 Metaspace       used 22577K, capacity 23048K, committed 23296K, reserved 1069056K
  class space    used 3087K, capacity 3239K, committed 3328K, reserved 1048576K
Event: 6.018 GC heap after
Heap after GC invocations=6 (full 1):
 PSYoungGen      total 38400K, used 4123K [0x00000000eab00000, 0x00000000ef100000, 0x0000000100000000)
  eden space 33280K, 0% used [0x00000000eab00000,0x00000000eab00000,0x00000000ecb80000)
  from space 5120K, 80% used [0x00000000ecb80000,0x00000000ecf86e00,0x00000000ed080000)
  to   space 11264K, 0% used [0x00000000ee600000,0x00000000ee600000,0x00000000ef100000)
 ParOldGen       total 67072K, used 9064K [0x00000000c0000000, 0x00000000c4180000, 0x00000000eab00000)
  object space 67072K, 13% used [0x00000000c0000000,0x00000000c08da368,0x00000000c4180000)
 Metaspace       used 22577K, capacity 23048K, committed 23296K, reserved 1069056K
  class space    used 3087K, capacity 3239K, committed 3328K, reserved 1048576K
}
Event: 6.417 GC heap before
{Heap before GC invocations=7 (full 1):
 PSYoungGen      total 38400K, used 37403K [0x00000000eab00000, 0x00000000ef100000, 0x0000000100000000)
  eden space 33280K, 100% used [0x00000000eab00000,0x00000000ecb80000,0x00000000ecb80000)
  from space 5120K, 80% used [0x00000000ecb80000,0x00000000ecf86e00,0x00000000ed080000)
  to   space 11264K, 0% used [0x00000000ee600000,0x00000000ee600000,0x00000000ef100000)
 ParOldGen       total 67072K, used 9064K [0x00000000c0000000, 0x00000000c4180000, 0x00000000eab00000)
  object space 67072K, 13% used [0x00000000c0000000,0x00000000c08da368,0x00000000c4180000)
 Metaspace       used 25634K, capacity 26234K, committed 26496K, reserved 1073152K
  class space    used 3471K, capacity 3658K, committed 3712K, reserved 1048576K
Event: 6.427 GC heap after
Heap after GC invocations=7 (full 1):
 PSYoungGen      total 60928K, used 4966K [0x00000000eab00000, 0x00000000ef280000, 0x0000000100000000)
  eden space 49664K, 0% used [0x00000000eab00000,0x00000000eab00000,0x00000000edb80000)
  from space 11264K, 44% used [0x00000000ee600000,0x00000000eead9b30,0x00000000ef100000)
  to   space 10752K, 0% used [0x00000000edb80000,0x00000000edb80000,0x00000000ee600000)
 ParOldGen       total 67072K, used 9072K [0x00000000c0000000, 0x00000000c4180000, 0x00000000eab00000)
  object space 67072K, 13% used [0x00000000c0000000,0x00000000c08dc368,0x00000000c4180000)
 Metaspace       used 25634K, capacity 26234K, committed 26496K, reserved 1073152K
  class space    used 3471K, capacity 3658K, committed 3712K, reserved 1048576K
}
Event: 7.142 GC heap before
{Heap before GC invocations=8 (full 1):
 PSYoungGen      total 60928K, used 54630K [0x00000000eab00000, 0x00000000ef280000, 0x0000000100000000)
  eden space 49664K, 100% used [0x00000000eab00000,0x00000000edb80000,0x00000000edb80000)
  from space 11264K, 44% used [0x00000000ee600000,0x00000000eead9b30,0x00000000ef100000)
  to   space 10752K, 0% used [0x00000000edb80000,0x00000000edb80000,0x00000000ee600000)
 ParOldGen       total 67072K, used 9072K [0x00000000c0000000, 0x00000000c4180000, 0x00000000eab00000)
  object space 67072K, 13% used [0x00000000c0000000,0x00000000c08dc368,0x00000000c4180000)
 Metaspace       used 28996K, capacity 29708K, committed 29824K, reserved 1075200K
  class space    used 3913K, capacity 4195K, committed 4224K, reserved 1048576K
Event: 7.153 GC heap after
Heap after GC invocations=8 (full 1):
 PSYoungGen      total 60416K, used 8250K [0x00000000eab00000, 0x00000000ef280000, 0x0000000100000000)
  eden space 49664K, 0% used [0x00000000eab00000,0x00000000eab00000,0x00000000edb80000)
  from space 10752K, 76% used [0x00000000edb80000,0x00000000ee38eb88,0x00000000ee600000)
  to   space 11264K, 0% used [0x00000000ee600000,0x00000000ee600000,0x00000000ef100000)
 ParOldGen       total 67072K, used 9144K [0x00000000c0000000, 0x00000000c4180000, 0x00000000eab00000)
  object space 67072K, 13% used [0x00000000c0000000,0x00000000c08ee378,0x00000000c4180000)
 Metaspace       used 28996K, capacity 29708K, committed 29824K, reserved 1075200K
  class space    used 3913K, capacity 4195K, committed 4224K, reserved 1048576K
}

